<?xml version="1.0" encoding="UTF-8"?>
<!-- Generated by org.testng.reporters.JUnitReportReporter -->
<testsuite hostname="netxd-Vostro-15-3510" failures="0" tests="12" name="adminApiPackage.addBusiness" time="12.251" errors="0" timestamp="2023-09-19T11:20:50 IST" skipped="5">
  <testcase classname="adminApiPackage.addBusiness" name="monthlyprojectionCurrencyTestCases" time="1.617"/>
  <testcase classname="adminApiPackage.addBusiness" name="monthlyprojectionCurrencyTestCases" time="1.388"/>
  <testcase classname="adminApiPackage.addBusiness" name="monthlyprojectionCurrencyTestCases" time="1.576"/>
  <testcase classname="adminApiPackage.addBusiness" name="monthlyprojectionCurrencyTestCases" time="1.329"/>
  <testcase classname="adminApiPackage.addBusiness" name="monthlyprojectionCurrencyTestCases" time="3.267"/>
  <testcase classname="adminApiPackage.addBusiness" name="monthlyprojectionCurrencyTestCases" time="1.538"/>
  <testcase classname="adminApiPackage.addBusiness" name="monthlyprojectionCurrencyTestCases" time="1.536"/>
  <testcase classname="adminApiPackage.addBusiness" name="monthlyprojectionAmountTestCases">
    <skipped/>
  </testcase> <!-- monthlyprojectionAmountTestCases -->
  <testcase classname="adminApiPackage.addBusiness" name="methodTestCases">
    <skipped/>
  </testcase> <!-- methodTestCases -->
  <testcase classname="adminApiPackage.addBusiness" name="typeTestCases">
    <skipped/>
  </testcase> <!-- typeTestCases -->
  <testcase classname="adminApiPackage.addBusiness" name="businessNameLegalTestCases">
    <skipped/>
  </testcase> <!-- businessNameLegalTestCases -->
  <testcase classname="adminApiPackage.addBusiness" name="dobrestTestCases">
    <skipped/>
  </testcase> <!-- dobrestTestCases -->
</testsuite> <!-- adminApiPackage.addBusiness -->
