<?xml version="1.0" encoding="UTF-8"?>
<!-- Generated by org.testng.reporters.JUnitReportReporter -->
<testsuite hostname="netxd-Vostro-15-3510" failures="0" tests="1" name="adminApiPackage.addBusinessCustomer" time="2.421" errors="0" timestamp="2023-08-16T18:21:20 IST" skipped="0">
  <testcase classname="adminApiPackage.addBusinessCustomer" name="hitAddCustomer" time="2.421"/>
</testsuite> <!-- adminApiPackage.addBusinessCustomer -->
