<?xml version="1.0" encoding="UTF-8"?>
<!-- Generated by org.testng.reporters.JUnitReportReporter -->
<testsuite hostname="netxd-Vostro-15-3510" failures="0" tests="4" name="restAssuredPackage.restAssuredClass" time="0.906" errors="0" timestamp="2023-08-11T12:47:51 IST" skipped="3">
  <testcase classname="restAssuredPackage.restAssuredClass" name="deleteEmployee" time="0.906"/>
  <testcase classname="restAssuredPackage.restAssuredClass" name="addEmployees">
    <skipped/>
  </testcase> <!-- addEmployees -->
  <testcase classname="restAssuredPackage.restAssuredClass" name="getEmployees">
    <skipped/>
  </testcase> <!-- getEmployees -->
  <testcase classname="restAssuredPackage.restAssuredClass" name="updteEmployee">
    <skipped/>
  </testcase> <!-- updteEmployee -->
</testsuite> <!-- restAssuredPackage.restAssuredClass -->
