<?xml version="1.0" encoding="UTF-8"?>
<!-- Generated by org.testng.reporters.JUnitReportReporter -->
<testsuite hostname="netxd-Vostro-15-3510" failures="0" tests="1" name="restAssuredNonBdd.restAssuredSerialization" time="1.557" errors="0" timestamp="2023-08-14T13:02:52 IST" skipped="0">
  <testcase classname="restAssuredNonBdd.restAssuredSerialization" name="serialization" time="1.557"/>
</testsuite> <!-- restAssuredNonBdd.restAssuredSerialization -->
