<?xml version="1.0" encoding="UTF-8"?>
<!-- Generated by org.testng.reporters.JUnitReportReporter -->
<testsuite hostname="netxd-Vostro-15-3510" failures="0" tests="4" name="restAssuredNonBdd.restAssuredClassNonBdd" time="0.921" errors="0" timestamp="2023-08-11T14:17:03 IST" skipped="3">
  <testcase classname="restAssuredNonBdd.restAssuredClassNonBdd" name="deleteEmp" time="0.921"/>
  <testcase classname="restAssuredNonBdd.restAssuredClassNonBdd" name="getEmp">
    <skipped/>
  </testcase> <!-- getEmp -->
  <testcase classname="restAssuredNonBdd.restAssuredClassNonBdd" name="postEmp">
    <skipped/>
  </testcase> <!-- postEmp -->
  <testcase classname="restAssuredNonBdd.restAssuredClassNonBdd" name="putEmp">
    <skipped/>
  </testcase> <!-- putEmp -->
</testsuite> <!-- restAssuredNonBdd.restAssuredClassNonBdd -->
