<?xml version="1.0" encoding="UTF-8"?>
<!-- Generated by org.testng.reporters.JUnitReportReporter -->
<testsuite hostname="netxd-Vostro-15-3510" failures="0" tests="1" name="restAssuredNonBdd.restReadingJsonFile" time="1.051" errors="0" timestamp="2023-08-16T17:54:06 IST" skipped="0">
  <testcase classname="restAssuredNonBdd.restReadingJsonFile" name="addEmpFromJsonFile" time="1.051"/>
</testsuite> <!-- restAssuredNonBdd.restReadingJsonFile -->
