<?xml version="1.0" encoding="UTF-8"?>
<!-- Generated by org.testng.reporters.JUnitReportReporter -->
<testsuite hostname="netxd-Vostro-15-3510" failures="0" tests="2" name="testCases.addBusinessCustomerPositive" time="2.881" errors="0" timestamp="2023-10-04T17:17:18 IST" skipped="1">
  <testcase classname="testCases.addBusinessCustomerPositive" name="onboardBusinessCustomer" time="2.881"/>
  <testcase classname="testCases.addBusinessCustomerPositive" name="onboardLegalRep">
    <skipped/>
  </testcase> <!-- onboardLegalRep -->
</testsuite> <!-- testCases.addBusinessCustomerPositive -->
