<?xml version="1.0" encoding="UTF-8"?>
<!-- Generated by org.testng.reporters.JUnitReportReporter -->
<testsuite hostname="netxd-Vostro-15-3510" failures="0" tests="1" name="jsonValuesCreationPackage.jsonValuesCreation" time="0.018" errors="0" timestamp="2023-10-13T15:24:57 IST" skipped="0">
  <testcase classname="jsonValuesCreationPackage.jsonValuesCreation" name="createBusinessCustomerRandomValues" time="0.018"/>
</testsuite> <!-- jsonValuesCreationPackage.jsonValuesCreation -->
